0 info it worked if it ends with ok
1 verbose cli [ '/home/manuel/.nvm/versions/node/v7.2.0/bin/node',
1 verbose cli   '/home/manuel/.nvm/versions/node/v7.2.0/bin/npm',
1 verbose cli   'start' ]
2 info using npm@3.10.9
3 info using node@v7.2.0
4 verbose run-script [ 'prestart', 'start', 'poststart' ]
5 info lifecycle diswap@0.0.0~prestart: diswap@0.0.0
6 silly lifecycle diswap@0.0.0~prestart: no script for prestart, continuing
7 info lifecycle diswap@0.0.0~start: diswap@0.0.0
8 verbose lifecycle diswap@0.0.0~start: unsafe-perm in lifecycle true
9 verbose lifecycle diswap@0.0.0~start: PATH: /home/manuel/.nvm/versions/node/v7.2.0/lib/node_modules/npm/bin/node-gyp-bin:/home/manuel/suutil/suutil-server/node_modules/.bin:/home/manuel/.nvm/versions/node/v7.2.0/bin:/home/manuel/bin:/home/manuel/.local/bin:/usr/local/sbin:/usr/local/bin:/usr/sbin:/usr/bin:/sbin:/bin:/usr/games:/usr/local/games:/snap/bin
10 verbose lifecycle diswap@0.0.0~start: CWD: /home/manuel/suutil/suutil-server
11 silly lifecycle diswap@0.0.0~start: Args: [ '-c', 'node src/' ]
12 silly lifecycle diswap@0.0.0~start: Returned: code: 1  signal: null
13 info lifecycle diswap@0.0.0~start: Failed to exec start script
14 verbose stack Error: diswap@0.0.0 start: `node src/`
14 verbose stack Exit status 1
14 verbose stack     at EventEmitter.<anonymous> (/home/manuel/.nvm/versions/node/v7.2.0/lib/node_modules/npm/lib/utils/lifecycle.js:255:16)
14 verbose stack     at emitTwo (events.js:106:13)
14 verbose stack     at EventEmitter.emit (events.js:191:7)
14 verbose stack     at ChildProcess.<anonymous> (/home/manuel/.nvm/versions/node/v7.2.0/lib/node_modules/npm/lib/utils/spawn.js:40:14)
14 verbose stack     at emitTwo (events.js:106:13)
14 verbose stack     at ChildProcess.emit (events.js:191:7)
14 verbose stack     at maybeClose (internal/child_process.js:885:16)
14 verbose stack     at Process.ChildProcess._handle.onexit (internal/child_process.js:226:5)
15 verbose pkgid diswap@0.0.0
16 verbose cwd /home/manuel/suutil/suutil-server
17 error Linux 4.4.0-109-generic
18 error argv "/home/manuel/.nvm/versions/node/v7.2.0/bin/node" "/home/manuel/.nvm/versions/node/v7.2.0/bin/npm" "start"
19 error node v7.2.0
20 error npm  v3.10.9
21 error code ELIFECYCLE
22 error diswap@0.0.0 start: `node src/`
22 error Exit status 1
23 error Failed at the diswap@0.0.0 start script 'node src/'.
23 error Make sure you have the latest version of node.js and npm installed.
23 error If you do, this is most likely a problem with the diswap package,
23 error not with npm itself.
23 error Tell the author that this fails on your system:
23 error     node src/
23 error You can get information on how to open an issue for this project with:
23 error     npm bugs diswap
23 error Or if that isn't available, you can get their info via:
23 error     npm owner ls diswap
23 error There is likely additional logging output above.
24 verbose exit [ 1, true ]
